
*** Running vivado
    with args -log top_mixer.vds -m64 -mode batch -messageDb vivado.pb -notrace -source top_mixer.tcl


****** Vivado v2016.1 (64-bit)
  **** SW Build 1538259 on Fri Apr  8 15:45:27 MDT 2016
  **** IP Build 1537824 on Fri Apr  8 04:28:57 MDT 2016
    ** Copyright 1986-2016 Xilinx, Inc. All Rights Reserved.

source top_mixer.tcl -notrace
Command: synth_design -top top_mixer -part xc7k70tfbv676-1
Starting synth_design
Attempting to get a license for feature 'Synthesis' and/or device 'xc7k70t'
INFO: [Common 17-349] Got license for feature 'Synthesis' and/or device 'xc7k70t'
INFO: Launching helper process for spawning children vivado processes
INFO: Helper process launched with PID 164 
---------------------------------------------------------------------------------
Starting Synthesize : Time (s): cpu = 00:00:05 ; elapsed = 00:00:07 . Memory (MB): peak = 281.926 ; gain = 75.840
---------------------------------------------------------------------------------
INFO: [Synth 8-638] synthesizing module 'top_mixer' [D:/proyecto_integrador/rtl_projects/mixer/mixer.srcs/sources_1/new/top_mixer.v:3]
	Parameter NB_IN bound to: 8 - type: integer 
	Parameter NBF_IN bound to: 6 - type: integer 
	Parameter NB_OUT_MX bound to: 8 - type: integer 
	Parameter NBF_OUT_MX bound to: 6 - type: integer 
	Parameter NB_SIN bound to: 6 - type: integer 
	Parameter NBF_SIN bound to: 5 - type: integer 
	Parameter NB_SIN_ADDR bound to: 8 - type: integer 
	Parameter NBI_IN bound to: 2 - type: integer 
	Parameter NBI_SIN bound to: 1 - type: integer 
	Parameter NB_COUNTER bound to: 8 - type: integer 
	Parameter NB_PROD_FR bound to: 14 - type: integer 
	Parameter NBF_PROD_FR bound to: 11 - type: integer 
	Parameter NBI_PROD_FR bound to: 3 - type: integer 
	Parameter INIT_FILE_SIN bound to: D:/proyecto_integrador/python/files/py_intv_sin_RAM.txt - type: string 
	Parameter INIT_FILE_COS bound to: D:/proyecto_integrador/python/files/py_intv_cos_RAM.txt - type: string 
INFO: [Synth 8-638] synthesizing module 'mixer' [D:/proyecto_integrador/rtl_projects/mixer/mixer.srcs/sources_1/new/mixer.v:3]
	Parameter NB_IN bound to: 8 - type: integer 
	Parameter NBF_IN bound to: 6 - type: integer 
	Parameter NB_OUT bound to: 8 - type: integer 
	Parameter NBF_OUT bound to: 6 - type: integer 
	Parameter NB_SIN bound to: 6 - type: integer 
	Parameter NBF_SIN bound to: 5 - type: integer 
	Parameter NB_SIN_ADDR bound to: 8 - type: integer 
	Parameter NBI_IN bound to: 2 - type: integer 
	Parameter NBI_OUT bound to: 2 - type: integer 
	Parameter NBI_SIN bound to: 1 - type: integer 
	Parameter NB_COUNTER bound to: 8 - type: integer 
	Parameter NB_PROD_FR bound to: 14 - type: integer 
	Parameter NBF_PROD_FR bound to: 11 - type: integer 
	Parameter NBI_PROD_FR bound to: 3 - type: integer 
INFO: [Synth 8-256] done synthesizing module 'mixer' (1#1) [D:/proyecto_integrador/rtl_projects/mixer/mixer.srcs/sources_1/new/mixer.v:3]
INFO: [Synth 8-638] synthesizing module 'sin_ram' [D:/proyecto_integrador/rtl_projects/sin_ram/sin_ram.srcs/sources_1/new/sin_ram.v:22]
	Parameter RAM_EXP bound to: 8 - type: integer 
	Parameter RAM_WIDTH bound to: 6 - type: integer 
	Parameter INIT_FILE bound to: D:/proyecto_integrador/python/files/py_intv_cos_RAM.txt - type: string 
	Parameter RAM_PERFORMANCE bound to: HIGH_PERFORMANCE - type: string 
	Parameter RAM_DEPTH bound to: 256 - type: integer 
INFO: [Synth 8-3876] $readmem data file 'D:/proyecto_integrador/python/files/py_intv_cos_RAM.txt' is read successfully [D:/proyecto_integrador/rtl_projects/sin_ram/sin_ram.srcs/sources_1/new/sin_ram.v:59]
INFO: [Synth 8-256] done synthesizing module 'sin_ram' (2#1) [D:/proyecto_integrador/rtl_projects/sin_ram/sin_ram.srcs/sources_1/new/sin_ram.v:22]
INFO: [Synth 8-638] synthesizing module 'sin_ram__parameterized0' [D:/proyecto_integrador/rtl_projects/sin_ram/sin_ram.srcs/sources_1/new/sin_ram.v:22]
	Parameter RAM_EXP bound to: 8 - type: integer 
	Parameter RAM_WIDTH bound to: 6 - type: integer 
	Parameter INIT_FILE bound to: D:/proyecto_integrador/python/files/py_intv_sin_RAM.txt - type: string 
	Parameter RAM_PERFORMANCE bound to: HIGH_PERFORMANCE - type: string 
	Parameter RAM_DEPTH bound to: 256 - type: integer 
INFO: [Synth 8-3876] $readmem data file 'D:/proyecto_integrador/python/files/py_intv_sin_RAM.txt' is read successfully [D:/proyecto_integrador/rtl_projects/sin_ram/sin_ram.srcs/sources_1/new/sin_ram.v:59]
INFO: [Synth 8-256] done synthesizing module 'sin_ram__parameterized0' (2#1) [D:/proyecto_integrador/rtl_projects/sin_ram/sin_ram.srcs/sources_1/new/sin_ram.v:22]
INFO: [Synth 8-256] done synthesizing module 'top_mixer' (3#1) [D:/proyecto_integrador/rtl_projects/mixer/mixer.srcs/sources_1/new/top_mixer.v:3]
---------------------------------------------------------------------------------
Finished Synthesize : Time (s): cpu = 00:00:05 ; elapsed = 00:00:08 . Memory (MB): peak = 319.273 ; gain = 113.188
---------------------------------------------------------------------------------
---------------------------------------------------------------------------------
Finished Constraint Validation : Time (s): cpu = 00:00:06 ; elapsed = 00:00:08 . Memory (MB): peak = 319.273 ; gain = 113.188
---------------------------------------------------------------------------------
---------------------------------------------------------------------------------
Start Loading Part and Timing Information
---------------------------------------------------------------------------------
Loading part: xc7k70tfbv676-1
---------------------------------------------------------------------------------
Finished Loading Part and Timing Information : Time (s): cpu = 00:00:06 ; elapsed = 00:00:08 . Memory (MB): peak = 319.273 ; gain = 113.188
---------------------------------------------------------------------------------
INFO: [Device 21-403] Loading part xc7k70tfbv676-1
---------------------------------------------------------------------------------
Finished RTL Optimization Phase 2 : Time (s): cpu = 00:00:06 ; elapsed = 00:00:09 . Memory (MB): peak = 325.945 ; gain = 119.859
---------------------------------------------------------------------------------

Report RTL Partitions: 
+-+--------------+------------+----------+
| |RTL Partition |Replication |Instances |
+-+--------------+------------+----------+
+-+--------------+------------+----------+
No constraint files found.
---------------------------------------------------------------------------------
Start RTL Component Statistics 
---------------------------------------------------------------------------------
Detailed RTL Component Info : 
+---Adders : 
	   2 Input      8 Bit       Adders := 2     
+---Registers : 
	                8 Bit    Registers := 4     
	                6 Bit    Registers := 4     
+---RAMs : 
	               1K Bit         RAMs := 2     
+---Muxes : 
	   4 Input      8 Bit        Muxes := 2     
	   2 Input      8 Bit        Muxes := 6     
	   2 Input      1 Bit        Muxes := 2     
---------------------------------------------------------------------------------
Finished RTL Component Statistics 
---------------------------------------------------------------------------------
---------------------------------------------------------------------------------
Start RTL Hierarchical Component Statistics 
---------------------------------------------------------------------------------
Hierarchical RTL Component report 
Module mixer 
Detailed RTL Component Info : 
+---Adders : 
	   2 Input      8 Bit       Adders := 1     
+---Registers : 
	                8 Bit    Registers := 2     
+---Muxes : 
	   4 Input      8 Bit        Muxes := 1     
	   2 Input      8 Bit        Muxes := 3     
	   2 Input      1 Bit        Muxes := 1     
Module sin_ram 
Detailed RTL Component Info : 
+---Registers : 
	                6 Bit    Registers := 2     
+---RAMs : 
	               1K Bit         RAMs := 1     
Module sin_ram__parameterized0 
Detailed RTL Component Info : 
+---Registers : 
	                6 Bit    Registers := 2     
+---RAMs : 
	               1K Bit         RAMs := 1     
---------------------------------------------------------------------------------
Finished RTL Hierarchical Component Statistics
---------------------------------------------------------------------------------
---------------------------------------------------------------------------------
Start Part Resource Summary
---------------------------------------------------------------------------------
Part Resources:
DSPs: 240 (col length:80)
BRAMs: 270 (col length: RAMB18 80 RAMB36 40)
---------------------------------------------------------------------------------
Finished Part Resource Summary
---------------------------------------------------------------------------------
Start Parallel Synthesis Optimization  : Time (s): cpu = 00:00:09 ; elapsed = 00:00:13 . Memory (MB): peak = 436.520 ; gain = 230.434
---------------------------------------------------------------------------------
Start Cross Boundary Optimization
---------------------------------------------------------------------------------
---------------------------------------------------------------------------------
Finished Cross Boundary Optimization : Time (s): cpu = 00:00:09 ; elapsed = 00:00:14 . Memory (MB): peak = 436.520 ; gain = 230.434
---------------------------------------------------------------------------------
Finished Parallel Reinference  : Time (s): cpu = 00:00:09 ; elapsed = 00:00:14 . Memory (MB): peak = 436.520 ; gain = 230.434

Report RTL Partitions: 
+-+--------------+------------+----------+
| |RTL Partition |Replication |Instances |
+-+--------------+------------+----------+
+-+--------------+------------+----------+
---------------------------------------------------------------------------------
Start ROM, RAM, DSP and Shift Register Reporting
---------------------------------------------------------------------------------

Distributed RAM: Preliminary Mapping  Report (see note below)
+------------+---------------------+-----------+----------------------+--------------+
|Module Name | RTL Object          | Inference | Size (Depth x Width) | Primitives   | 
+------------+---------------------+-----------+----------------------+--------------+
|top_mixer   | u_cos_ram/ram_0_reg | Implied   | 256 x 6              | RAM64M x 8   | 
|top_mixer   | u_sin_ram/ram_0_reg | Implied   | 256 x 6              | RAM64M x 8   | 
+------------+---------------------+-----------+----------------------+--------------+

Note: The table above is a preliminary report that shows the Distributed RAMs at the current stage of the synthesis flow. Some Distributed RAMs may be reimplemented as non Distributed RAM primitives later in the synthesis flow. Multiple instantiated RAMs are reported only once.
---------------------------------------------------------------------------------
Finished ROM, RAM, DSP and Shift Register Reporting
---------------------------------------------------------------------------------
No constraint files found.
---------------------------------------------------------------------------------
Start Area Optimization
---------------------------------------------------------------------------------
---------------------------------------------------------------------------------
Finished Area Optimization : Time (s): cpu = 00:00:09 ; elapsed = 00:00:14 . Memory (MB): peak = 457.160 ; gain = 251.074
---------------------------------------------------------------------------------
Finished Parallel Area Optimization  : Time (s): cpu = 00:00:09 ; elapsed = 00:00:14 . Memory (MB): peak = 457.160 ; gain = 251.074

Report RTL Partitions: 
+-+--------------+------------+----------+
| |RTL Partition |Replication |Instances |
+-+--------------+------------+----------+
+-+--------------+------------+----------+
---------------------------------------------------------------------------------
Start Timing Optimization
---------------------------------------------------------------------------------
No constraint files found.
---------------------------------------------------------------------------------
Finished Timing Optimization : Time (s): cpu = 00:00:09 ; elapsed = 00:00:14 . Memory (MB): peak = 457.160 ; gain = 251.074
---------------------------------------------------------------------------------

Report RTL Partitions: 
+-+--------------+------------+----------+
| |RTL Partition |Replication |Instances |
+-+--------------+------------+----------+
+-+--------------+------------+----------+
---------------------------------------------------------------------------------
Start Technology Mapping
---------------------------------------------------------------------------------
---------------------------------------------------------------------------------
Finished Technology Mapping : Time (s): cpu = 00:00:09 ; elapsed = 00:00:14 . Memory (MB): peak = 457.270 ; gain = 251.184
---------------------------------------------------------------------------------
Finished Parallel Technology Mapping Optimization  : Time (s): cpu = 00:00:09 ; elapsed = 00:00:14 . Memory (MB): peak = 457.270 ; gain = 251.184

Report RTL Partitions: 
+-+--------------+------------+----------+
| |RTL Partition |Replication |Instances |
+-+--------------+------------+----------+
+-+--------------+------------+----------+
Finished Parallel Synthesis Optimization  : Time (s): cpu = 00:00:09 ; elapsed = 00:00:14 . Memory (MB): peak = 457.270 ; gain = 251.184
---------------------------------------------------------------------------------
Start IO Insertion
---------------------------------------------------------------------------------
---------------------------------------------------------------------------------
Start Flattening Before IO Insertion
---------------------------------------------------------------------------------
---------------------------------------------------------------------------------
Finished Flattening Before IO Insertion
---------------------------------------------------------------------------------
---------------------------------------------------------------------------------
Start Final Netlist Cleanup
---------------------------------------------------------------------------------
---------------------------------------------------------------------------------
Finished Final Netlist Cleanup
---------------------------------------------------------------------------------
---------------------------------------------------------------------------------
Finished IO Insertion : Time (s): cpu = 00:00:10 ; elapsed = 00:00:15 . Memory (MB): peak = 457.270 ; gain = 251.184
---------------------------------------------------------------------------------

Report Check Netlist: 
+------+------------------+-------+---------+-------+------------------+
|      |Item              |Errors |Warnings |Status |Description       |
+------+------------------+-------+---------+-------+------------------+
|1     |multi_driven_nets |      0|        0|Passed |Multi driven nets |
+------+------------------+-------+---------+-------+------------------+
---------------------------------------------------------------------------------
Start Renaming Generated Instances
---------------------------------------------------------------------------------
---------------------------------------------------------------------------------
Finished Renaming Generated Instances : Time (s): cpu = 00:00:10 ; elapsed = 00:00:15 . Memory (MB): peak = 457.270 ; gain = 251.184
---------------------------------------------------------------------------------

Report RTL Partitions: 
+-+--------------+------------+----------+
| |RTL Partition |Replication |Instances |
+-+--------------+------------+----------+
+-+--------------+------------+----------+
---------------------------------------------------------------------------------
Start Rebuilding User Hierarchy
---------------------------------------------------------------------------------
---------------------------------------------------------------------------------
Finished Rebuilding User Hierarchy : Time (s): cpu = 00:00:10 ; elapsed = 00:00:15 . Memory (MB): peak = 457.270 ; gain = 251.184
---------------------------------------------------------------------------------
---------------------------------------------------------------------------------
Start Renaming Generated Ports
---------------------------------------------------------------------------------
---------------------------------------------------------------------------------
Finished Renaming Generated Ports : Time (s): cpu = 00:00:10 ; elapsed = 00:00:15 . Memory (MB): peak = 457.270 ; gain = 251.184
---------------------------------------------------------------------------------
---------------------------------------------------------------------------------
Start Handling Custom Attributes
---------------------------------------------------------------------------------
---------------------------------------------------------------------------------
Finished Handling Custom Attributes : Time (s): cpu = 00:00:10 ; elapsed = 00:00:15 . Memory (MB): peak = 457.270 ; gain = 251.184
---------------------------------------------------------------------------------
---------------------------------------------------------------------------------
Start Renaming Generated Nets
---------------------------------------------------------------------------------
---------------------------------------------------------------------------------
Finished Renaming Generated Nets : Time (s): cpu = 00:00:10 ; elapsed = 00:00:15 . Memory (MB): peak = 457.270 ; gain = 251.184
---------------------------------------------------------------------------------
---------------------------------------------------------------------------------
Start Writing Synthesis Report
---------------------------------------------------------------------------------

Report BlackBoxes: 
+-+--------------+----------+
| |BlackBox name |Instances |
+-+--------------+----------+
+-+--------------+----------+

Report Cell Usage: 
+------+-------+------+
|      |Cell   |Count |
+------+-------+------+
|1     |BUFG   |     1|
|2     |CARRY4 |    18|
|3     |LUT1   |     6|
|4     |LUT2   |    47|
|5     |LUT3   |    10|
|6     |LUT4   |    42|
|7     |LUT5   |     2|
|8     |LUT6   |    68|
|9     |RAM64M |    16|
|10    |FDRE   |    54|
|11    |FDSE   |     2|
|12    |IBUF   |    19|
|13    |OBUF   |    16|
+------+-------+------+

Report Instance Areas: 
+------+---------------------+------------------------+------+
|      |Instance             |Module                  |Cells |
+------+---------------------+------------------------+------+
|1     |top                  |                        |   301|
|2     |  u_cos_ram          |sin_ram                 |    74|
|3     |  u_mixer_infase     |mixer                   |    58|
|4     |  u_mixer_quadrature |mixer_0                 |    59|
|5     |  u_sin_ram          |sin_ram__parameterized0 |    74|
+------+---------------------+------------------------+------+
---------------------------------------------------------------------------------
Finished Writing Synthesis Report : Time (s): cpu = 00:00:10 ; elapsed = 00:00:15 . Memory (MB): peak = 457.270 ; gain = 251.184
---------------------------------------------------------------------------------
Synthesis finished with 0 errors, 0 critical warnings and 0 warnings.
Synthesis Optimization Runtime : Time (s): cpu = 00:00:08 ; elapsed = 00:00:12 . Memory (MB): peak = 457.270 ; gain = 251.184
Synthesis Optimization Complete : Time (s): cpu = 00:00:10 ; elapsed = 00:00:15 . Memory (MB): peak = 457.270 ; gain = 251.184
INFO: [Project 1-571] Translating synthesized netlist
INFO: [Netlist 29-17] Analyzing 53 Unisim elements for replacement
INFO: [Netlist 29-28] Unisim Transformation completed in 0 CPU seconds
INFO: [Project 1-570] Preparing netlist for logic optimization
INFO: [Opt 31-138] Pushed 0 inverter(s) to 0 load pin(s).
INFO: [Project 1-111] Unisim Transformation Summary:
  A total of 16 instances were transformed.
  RAM64M => RAM64M (RAMD64E, RAMD64E, RAMD64E, RAMD64E): 16 instances

INFO: [Common 17-83] Releasing license: Synthesis
19 Infos, 0 Warnings, 0 Critical Warnings and 0 Errors encountered.
synth_design completed successfully
synth_design: Time (s): cpu = 00:00:10 ; elapsed = 00:00:17 . Memory (MB): peak = 523.391 ; gain = 317.305
report_utilization: Time (s): cpu = 00:00:01 ; elapsed = 00:00:00.047 . Memory (MB): peak = 523.391 ; gain = 0.000
INFO: [Common 17-206] Exiting Vivado at Mon Nov 20 05:35:38 2017...
