
*** Running vivado
    with args -log top.vds -m64 -mode batch -messageDb vivado.pb -notrace -source top.tcl


****** Vivado v2016.1 (64-bit)
  **** SW Build 1538259 on Fri Apr  8 15:45:27 MDT 2016
  **** IP Build 1537824 on Fri Apr  8 04:28:57 MDT 2016
    ** Copyright 1986-2016 Xilinx, Inc. All Rights Reserved.

source top.tcl -notrace
Command: synth_design -top top -part xc7a100tcsg324-1
Starting synth_design
Attempting to get a license for feature 'Synthesis' and/or device 'xc7a100t'
INFO: [Common 17-349] Got license for feature 'Synthesis' and/or device 'xc7a100t'
INFO: Launching helper process for spawning children vivado processes
INFO: Helper process launched with PID 15068 
---------------------------------------------------------------------------------
Starting RTL Elaboration : Time (s): cpu = 00:00:05 ; elapsed = 00:00:06 . Memory (MB): peak = 282.902 ; gain = 75.695
---------------------------------------------------------------------------------
INFO: [Synth 8-638] synthesizing module 'top' [D:/proyecto_integrador/rtl_projects/top/top.srcs/sources_1/new/top.v:28]
	Parameter NB_MICRO_IN bound to: 32 - type: integer 
	Parameter INFO_RAM_EXP bound to: 15 - type: integer 
	Parameter INFO_RAM_WIDTH bound to: 8 - type: integer 
	Parameter LOG_RAM_EXP bound to: 15 - type: integer 
	Parameter LOG_RAM_WIDTH bound to: 32 - type: integer 
	Parameter EXP_BAUD bound to: 4 - type: integer 
	Parameter EXP_OS bound to: 4 - type: integer 
	Parameter NB_OUT_FILTER bound to: 8 - type: integer 
	Parameter NBF_OUT_FILTER bound to: 6 - type: integer 
	Parameter NB_OUT_MIXER bound to: 8 - type: integer 
	Parameter NBF_OUT_MIXER bound to: 6 - type: integer 
	Parameter NB_OUT_ADDER bound to: 8 - type: integer 
	Parameter NBF_OUT_ADDER bound to: 6 - type: integer 
	Parameter NB_COEF bound to: 8 - type: integer 
	Parameter NBF_COEF_SRRC bound to: 6 - type: integer 
	Parameter NBF_COEF_RRC bound to: 7 - type: integer 
	Parameter NB_SIN bound to: 6 - type: integer 
	Parameter NBF_SIN bound to: 5 - type: integer 
	Parameter SIN_RAM_EXP bound to: 5 - type: integer 
	Parameter NB_CONTROL_SIGNALS bound to: 2 - type: integer 
	Parameter DBIT bound to: 8 - type: integer 
	Parameter SB_TICK bound to: 16 - type: integer 
	Parameter DVSR bound to: 651 - type: integer 
	Parameter DVSR_BIT bound to: 10 - type: integer 
	Parameter FIFO_W bound to: 2 - type: integer 
INFO: [Synth 8-638] synthesizing module 'clk_wiz_0' [D:/proyecto_integrador/rtl_projects/top/clk_wiz_0.v:71]
INFO: [Synth 8-638] synthesizing module 'clk_wiz_0_clk_wiz' [D:/proyecto_integrador/rtl_projects/top/clk_wiz_0_clk_wiz.v:69]
INFO: [Synth 8-638] synthesizing module 'IBUF' [C:/Xilinx/Vivado/2016.1/scripts/rt/data/unisim_comp.v:14145]
	Parameter CAPACITANCE bound to: DONT_CARE - type: string 
	Parameter IBUF_DELAY_VALUE bound to: 0 - type: string 
	Parameter IBUF_LOW_PWR bound to: TRUE - type: string 
	Parameter IFD_DELAY_VALUE bound to: AUTO - type: string 
	Parameter IOSTANDARD bound to: DEFAULT - type: string 
INFO: [Synth 8-256] done synthesizing module 'IBUF' (1#1) [C:/Xilinx/Vivado/2016.1/scripts/rt/data/unisim_comp.v:14145]
INFO: [Synth 8-638] synthesizing module 'MMCME2_ADV' [C:/Xilinx/Vivado/2016.1/scripts/rt/data/unisim_comp.v:20396]
	Parameter BANDWIDTH bound to: OPTIMIZED - type: string 
	Parameter CLKFBOUT_MULT_F bound to: 10.000000 - type: float 
	Parameter CLKFBOUT_PHASE bound to: 0.000000 - type: float 
	Parameter CLKFBOUT_USE_FINE_PS bound to: FALSE - type: string 
	Parameter CLKIN1_PERIOD bound to: 10.000000 - type: float 
	Parameter CLKIN2_PERIOD bound to: 0.000000 - type: float 
	Parameter CLKOUT0_DIVIDE_F bound to: 10.000000 - type: float 
	Parameter CLKOUT0_DUTY_CYCLE bound to: 0.500000 - type: float 
	Parameter CLKOUT0_PHASE bound to: 0.000000 - type: float 
	Parameter CLKOUT0_USE_FINE_PS bound to: FALSE - type: string 
	Parameter CLKOUT1_DIVIDE bound to: 100 - type: integer 
	Parameter CLKOUT1_DUTY_CYCLE bound to: 0.500000 - type: float 
	Parameter CLKOUT1_PHASE bound to: 0.000000 - type: float 
	Parameter CLKOUT1_USE_FINE_PS bound to: FALSE - type: string 
	Parameter CLKOUT2_DIVIDE bound to: 1 - type: integer 
	Parameter CLKOUT2_DUTY_CYCLE bound to: 0.500000 - type: float 
	Parameter CLKOUT2_PHASE bound to: 0.000000 - type: float 
	Parameter CLKOUT2_USE_FINE_PS bound to: FALSE - type: string 
	Parameter CLKOUT3_DIVIDE bound to: 1 - type: integer 
	Parameter CLKOUT3_DUTY_CYCLE bound to: 0.500000 - type: float 
	Parameter CLKOUT3_PHASE bound to: 0.000000 - type: float 
	Parameter CLKOUT3_USE_FINE_PS bound to: FALSE - type: string 
	Parameter CLKOUT4_CASCADE bound to: FALSE - type: string 
	Parameter CLKOUT4_DIVIDE bound to: 1 - type: integer 
	Parameter CLKOUT4_DUTY_CYCLE bound to: 0.500000 - type: float 
	Parameter CLKOUT4_PHASE bound to: 0.000000 - type: float 
	Parameter CLKOUT4_USE_FINE_PS bound to: FALSE - type: string 
	Parameter CLKOUT5_DIVIDE bound to: 1 - type: integer 
	Parameter CLKOUT5_DUTY_CYCLE bound to: 0.500000 - type: float 
	Parameter CLKOUT5_PHASE bound to: 0.000000 - type: float 
	Parameter CLKOUT5_USE_FINE_PS bound to: FALSE - type: string 
	Parameter CLKOUT6_DIVIDE bound to: 1 - type: integer 
	Parameter CLKOUT6_DUTY_CYCLE bound to: 0.500000 - type: float 
	Parameter CLKOUT6_PHASE bound to: 0.000000 - type: float 
	Parameter CLKOUT6_USE_FINE_PS bound to: FALSE - type: string 
	Parameter COMPENSATION bound to: ZHOLD - type: string 
	Parameter DIVCLK_DIVIDE bound to: 1 - type: integer 
	Parameter IS_CLKINSEL_INVERTED bound to: 1'b0 
	Parameter IS_PSEN_INVERTED bound to: 1'b0 
	Parameter IS_PSINCDEC_INVERTED bound to: 1'b0 
	Parameter IS_PWRDWN_INVERTED bound to: 1'b0 
	Parameter IS_RST_INVERTED bound to: 1'b0 
	Parameter REF_JITTER1 bound to: 0.010000 - type: float 
	Parameter REF_JITTER2 bound to: 0.010000 - type: float 
	Parameter SS_EN bound to: FALSE - type: string 
	Parameter SS_MODE bound to: CENTER_HIGH - type: string 
	Parameter SS_MOD_PERIOD bound to: 10000 - type: integer 
	Parameter STARTUP_WAIT bound to: FALSE - type: string 
INFO: [Synth 8-256] done synthesizing module 'MMCME2_ADV' (2#1) [C:/Xilinx/Vivado/2016.1/scripts/rt/data/unisim_comp.v:20396]
INFO: [Synth 8-638] synthesizing module 'BUFG' [C:/Xilinx/Vivado/2016.1/scripts/rt/data/unisim_comp.v:607]
INFO: [Synth 8-256] done synthesizing module 'BUFG' (3#1) [C:/Xilinx/Vivado/2016.1/scripts/rt/data/unisim_comp.v:607]
INFO: [Synth 8-256] done synthesizing module 'clk_wiz_0_clk_wiz' (4#1) [D:/proyecto_integrador/rtl_projects/top/clk_wiz_0_clk_wiz.v:69]
INFO: [Synth 8-256] done synthesizing module 'clk_wiz_0' (5#1) [D:/proyecto_integrador/rtl_projects/top/clk_wiz_0.v:71]
INFO: [Synth 8-638] synthesizing module 'register_file' [D:/proyecto_integrador/rtl_projects/register_file/register_file.srcs/sources_1/new/register_file.v:3]
	Parameter NB_MICRO_IN bound to: 32 - type: integer 
	Parameter INFO_RAM_EXP bound to: 15 - type: integer 
	Parameter INFO_RAM_WIDTH bound to: 8 - type: integer 
	Parameter LOG_RAM_EXP bound to: 15 - type: integer 
	Parameter LOG_RAM_WIDTH bound to: 32 - type: integer 
	Parameter EXP_BAUD bound to: 4 - type: integer 
	Parameter EXP_OS bound to: 4 - type: integer 
	Parameter NB_OUT_FILTER bound to: 8 - type: integer 
	Parameter NB_OUT_MIXER bound to: 8 - type: integer 
	Parameter NB_OUT_ADDER bound to: 8 - type: integer 
	Parameter NB_CONTROL_SIGNALS bound to: 2 - type: integer 
	Parameter RAM_DEPTH bound to: 32768 - type: integer 
	Parameter NB_MICRO_COMMAND bound to: 8 - type: integer 
	Parameter NB_MICRO_ADDR bound to: 15 - type: integer 
	Parameter NB_MICRO_DATA bound to: 8 - type: integer 
INFO: [Synth 8-638] synthesizing module 'addr_counter' [D:/proyecto_integrador/rtl_projects/register_file/addr_counter.v:3]
	Parameter EXP_BAUD bound to: 4 - type: integer 
	Parameter EXP_OS bound to: 4 - type: integer 
	Parameter LOG_RAM_EXP bound to: 15 - type: integer 
	Parameter NB_MICRO_COMMAND bound to: 8 - type: integer 
	Parameter RAM_DEPTH bound to: 32768 - type: integer 
	Parameter OS bound to: 16 - type: integer 
	Parameter N_BAUD bound to: 16 - type: integer 
	Parameter N_COEF bound to: 256 - type: integer 
INFO: [Synth 8-256] done synthesizing module 'addr_counter' (6#1) [D:/proyecto_integrador/rtl_projects/register_file/addr_counter.v:3]
INFO: [Synth 8-638] synthesizing module 'block_ram' [D:/proyecto_integrador/rtl_projects/register_file/block_ram.v:3]
	Parameter RAM_EXP bound to: 15 - type: integer 
	Parameter RAM_WIDTH bound to: 32 - type: integer 
	Parameter RAM_PERFORMANCE bound to: HIGH_PERFORMANCE - type: string 
	Parameter INIT_FILE bound to: (null) - type: string 
	Parameter RAM_DEPTH bound to: 32768 - type: integer 
INFO: [Synth 8-256] done synthesizing module 'block_ram' (7#1) [D:/proyecto_integrador/rtl_projects/register_file/block_ram.v:3]
INFO: [Synth 8-155] case statement is not full and has no default [D:/proyecto_integrador/rtl_projects/register_file/register_file.srcs/sources_1/new/register_file.v:151]
INFO: [Synth 8-256] done synthesizing module 'register_file' (8#1) [D:/proyecto_integrador/rtl_projects/register_file/register_file.srcs/sources_1/new/register_file.v:3]
INFO: [Synth 8-638] synthesizing module 'tx_top' [D:/proyecto_integrador/rtl_projects/tx_top/tx_top.srcs/sources_1/new/tx_top.v:3]
	Parameter INFO_RAM_EXP bound to: 15 - type: integer 
	Parameter INFO_RAM_WIDTH bound to: 8 - type: integer 
	Parameter EXP_OS bound to: 4 - type: integer 
	Parameter EXP_BAUD bound to: 4 - type: integer 
	Parameter NB_COEF bound to: 8 - type: integer 
	Parameter NBF_COEF_SRRC bound to: 6 - type: integer 
	Parameter NBF_COEF_RRC bound to: 7 - type: integer 
	Parameter NB_OUT bound to: 8 - type: integer 
	Parameter NBF_OUT bound to: 6 - type: integer 
INFO: [Synth 8-638] synthesizing module 'info_block_ram' [D:/proyecto_integrador/rtl_projects/tx_top/info_block_ram.v:3]
	Parameter RAM_EXP bound to: 15 - type: integer 
	Parameter RAM_WIDTH bound to: 8 - type: integer 
	Parameter INIT_FILE bound to: D:/proyecto_integrador/python/files/prbs_msg_hex.txt - type: string 
	Parameter RAM_PERFORMANCE bound to: HIGH_PERFORMANCE - type: string 
	Parameter RAM_DEPTH bound to: 32768 - type: integer 
INFO: [Synth 8-3876] $readmem data file 'D:/proyecto_integrador/python/files/prbs_msg_hex.txt' is read successfully [D:/proyecto_integrador/rtl_projects/tx_top/info_block_ram.v:42]
INFO: [Synth 8-256] done synthesizing module 'info_block_ram' (9#1) [D:/proyecto_integrador/rtl_projects/tx_top/info_block_ram.v:3]
INFO: [Synth 8-638] synthesizing module 'fcsg' [D:/proyecto_integrador/rtl_projects/tx_top/fcsg.v:3]
	Parameter EXP_OS bound to: 4 - type: integer 
	Parameter OS bound to: 16 - type: integer 
INFO: [Synth 8-256] done synthesizing module 'fcsg' (10#1) [D:/proyecto_integrador/rtl_projects/tx_top/fcsg.v:3]
INFO: [Synth 8-638] synthesizing module 'splitter_top' [D:/proyecto_integrador/rtl_projects/tx_top/tx_top.srcs/sources_1/new/splitter_top.v:3]
	Parameter RAM_WIDTH bound to: 8 - type: integer 
	Parameter RAM_EXP bound to: 15 - type: integer 
	Parameter EXP_BAUD bound to: 4 - type: integer 
	Parameter EXP_OS bound to: 4 - type: integer 
INFO: [Synth 8-638] synthesizing module 'splitter' [D:/proyecto_integrador/rtl_projects/tx_top/tx_top.srcs/sources_1/new/splitter.v:3]
	Parameter RAM_WIDTH bound to: 8 - type: integer 
	Parameter NB_COUNTER bound to: 2 - type: integer 
	Parameter NB_BUFFER bound to: 16 - type: integer 
INFO: [Synth 8-256] done synthesizing module 'splitter' (11#1) [D:/proyecto_integrador/rtl_projects/tx_top/tx_top.srcs/sources_1/new/splitter.v:3]
INFO: [Synth 8-638] synthesizing module 'info_ram_addr_counter' [D:/proyecto_integrador/rtl_projects/tx_top/info_ram_addr_counter.v:3]
	Parameter EXP_BAUD bound to: 4 - type: integer 
	Parameter EXP_OS bound to: 4 - type: integer 
	Parameter RAM_EXP bound to: 15 - type: integer 
	Parameter RAM_WIDTH bound to: 8 - type: integer 
	Parameter RAM_DEPTH bound to: 32768 - type: integer 
	Parameter OS bound to: 16 - type: integer 
	Parameter N_BAUD bound to: 16 - type: integer 
	Parameter N_COEF bound to: 256 - type: integer 
	Parameter init_value bound to: 0 - type: integer 
INFO: [Synth 8-256] done synthesizing module 'info_ram_addr_counter' (12#1) [D:/proyecto_integrador/rtl_projects/tx_top/info_ram_addr_counter.v:3]
INFO: [Synth 8-256] done synthesizing module 'splitter_top' (13#1) [D:/proyecto_integrador/rtl_projects/tx_top/tx_top.srcs/sources_1/new/splitter_top.v:3]
INFO: [Synth 8-638] synthesizing module 'tx_filter' [D:/proyecto_integrador/rtl_projects/tx_filter/tx_filter.srcs/sources_1/new/tx_filter.v:5]
	Parameter NB_COEF bound to: 8 - type: integer 
	Parameter NBF_COEF_SRRC bound to: 6 - type: integer 
	Parameter NBF_COEF_RRC bound to: 7 - type: integer 
	Parameter NB_OUT bound to: 8 - type: integer 
	Parameter NBF_OUT bound to: 6 - type: integer 
	Parameter EXP_BAUD bound to: 4 - type: integer 
	Parameter EXP_OS bound to: 4 - type: integer 
	Parameter AD_LEN bound to: 4 - type: integer 
	Parameter N_BAUD bound to: 16 - type: integer 
	Parameter OS bound to: 16 - type: integer 
	Parameter N_COEF bound to: 256 - type: integer 
	Parameter NBI_COEF_SRRC bound to: 2 - type: integer 
	Parameter NBI_COEF_RRC bound to: 1 - type: integer 
	Parameter NBI_OUT bound to: 2 - type: integer 
INFO: [Synth 8-256] done synthesizing module 'tx_filter' (14#1) [D:/proyecto_integrador/rtl_projects/tx_filter/tx_filter.srcs/sources_1/new/tx_filter.v:5]
INFO: [Synth 8-256] done synthesizing module 'tx_top' (15#1) [D:/proyecto_integrador/rtl_projects/tx_top/tx_top.srcs/sources_1/new/tx_top.v:3]
INFO: [Synth 8-638] synthesizing module 'top_mixer' [D:/proyecto_integrador/rtl_projects/mixer/mixer.srcs/sources_1/new/top_mixer.v:3]
	Parameter NB_IN bound to: 8 - type: integer 
	Parameter NBF_IN bound to: 6 - type: integer 
	Parameter NB_OUT_MX bound to: 8 - type: integer 
	Parameter NBF_OUT_MX bound to: 6 - type: integer 
	Parameter NB_SIN bound to: 6 - type: integer 
	Parameter NBF_SIN bound to: 5 - type: integer 
	Parameter SIN_RAM_EXP bound to: 5 - type: integer 
	Parameter NBI_IN bound to: 2 - type: integer 
	Parameter NBI_SIN bound to: 1 - type: integer 
	Parameter NB_COUNTER bound to: 5 - type: integer 
	Parameter NB_PROD_FR bound to: 14 - type: integer 
	Parameter NBF_PROD_FR bound to: 11 - type: integer 
	Parameter NBI_PROD_FR bound to: 3 - type: integer 
	Parameter INIT_FILE_SIN bound to: D:/proyecto_integrador/python/files/py_intv_sin_RAM.txt - type: string 
	Parameter INIT_FILE_COS bound to: D:/proyecto_integrador/python/files/py_intv_cos_RAM.txt - type: string 
INFO: [Synth 8-638] synthesizing module 'mixer' [D:/proyecto_integrador/rtl_projects/mixer/mixer.srcs/sources_1/new/mixer.v:3]
	Parameter NB_IN bound to: 8 - type: integer 
	Parameter NBF_IN bound to: 6 - type: integer 
	Parameter NB_OUT bound to: 8 - type: integer 
	Parameter NBF_OUT bound to: 6 - type: integer 
	Parameter NB_SIN bound to: 6 - type: integer 
	Parameter NBF_SIN bound to: 5 - type: integer 
	Parameter SIN_RAM_EXP bound to: 5 - type: integer 
	Parameter NBI_IN bound to: 2 - type: integer 
	Parameter NBI_OUT bound to: 2 - type: integer 
	Parameter NBI_SIN bound to: 1 - type: integer 
	Parameter NB_COUNTER bound to: 5 - type: integer 
	Parameter NB_PROD_FR bound to: 14 - type: integer 
	Parameter NBF_PROD_FR bound to: 11 - type: integer 
	Parameter NBI_PROD_FR bound to: 3 - type: integer 
	Parameter Nsamples_sin bound to: 20 - type: integer 
INFO: [Synth 8-256] done synthesizing module 'mixer' (16#1) [D:/proyecto_integrador/rtl_projects/mixer/mixer.srcs/sources_1/new/mixer.v:3]
INFO: [Synth 8-638] synthesizing module 'sin_ram' [D:/proyecto_integrador/rtl_projects/mixer/sin_ram.v:3]
	Parameter RAM_EXP bound to: 5 - type: integer 
	Parameter RAM_WIDTH bound to: 6 - type: integer 
	Parameter INIT_FILE bound to: D:/proyecto_integrador/python/files/py_intv_cos_RAM.txt - type: string 
	Parameter RAM_PERFORMANCE bound to: HIGH_PERFORMANCE - type: string 
	Parameter RAM_DEPTH bound to: 32 - type: integer 
INFO: [Synth 8-3876] $readmem data file 'D:/proyecto_integrador/python/files/py_intv_cos_RAM.txt' is read successfully [D:/proyecto_integrador/rtl_projects/mixer/sin_ram.v:40]
INFO: [Synth 8-256] done synthesizing module 'sin_ram' (17#1) [D:/proyecto_integrador/rtl_projects/mixer/sin_ram.v:3]
INFO: [Synth 8-638] synthesizing module 'sin_ram__parameterized0' [D:/proyecto_integrador/rtl_projects/mixer/sin_ram.v:3]
	Parameter RAM_EXP bound to: 5 - type: integer 
	Parameter RAM_WIDTH bound to: 6 - type: integer 
	Parameter INIT_FILE bound to: D:/proyecto_integrador/python/files/py_intv_sin_RAM.txt - type: string 
	Parameter RAM_PERFORMANCE bound to: HIGH_PERFORMANCE - type: string 
	Parameter RAM_DEPTH bound to: 32 - type: integer 
INFO: [Synth 8-3876] $readmem data file 'D:/proyecto_integrador/python/files/py_intv_sin_RAM.txt' is read successfully [D:/proyecto_integrador/rtl_projects/mixer/sin_ram.v:40]
INFO: [Synth 8-256] done synthesizing module 'sin_ram__parameterized0' (17#1) [D:/proyecto_integrador/rtl_projects/mixer/sin_ram.v:3]
INFO: [Synth 8-256] done synthesizing module 'top_mixer' (18#1) [D:/proyecto_integrador/rtl_projects/mixer/mixer.srcs/sources_1/new/top_mixer.v:3]
INFO: [Synth 8-638] synthesizing module 'simple_adder' [D:/proyecto_integrador/rtl_projects/simple_adder/simple_adder.srcs/sources_1/new/simple_adder.v:3]
	Parameter NB_IN bound to: 8 - type: integer 
	Parameter NBF_IN bound to: 6 - type: integer 
	Parameter NB_OUT bound to: 8 - type: integer 
	Parameter NBF_OUT bound to: 6 - type: integer 
	Parameter AD_LEN bound to: 1 - type: integer 
INFO: [Synth 8-256] done synthesizing module 'simple_adder' (19#1) [D:/proyecto_integrador/rtl_projects/simple_adder/simple_adder.srcs/sources_1/new/simple_adder.v:3]
INFO: [Synth 8-638] synthesizing module 'uart_top' [D:/proyecto_integrador/rtl_projects/test_uart/uart.srcs/sources_1/new/uart_top.v:3]
	Parameter DBIT bound to: 8 - type: integer 
	Parameter SB_TICK bound to: 16 - type: integer 
	Parameter DVSR bound to: 651 - type: integer 
	Parameter DVSR_BIT bound to: 10 - type: integer 
	Parameter FIFO_W bound to: 2 - type: integer 
INFO: [Synth 8-638] synthesizing module 'uart_rx' [D:/proyecto_integrador/rtl_projects/test_uart/uart.srcs/sources_1/new/uart_rx.v:3]
	Parameter DBIT bound to: 8 - type: integer 
	Parameter SB_TICK bound to: 16 - type: integer 
	Parameter idle bound to: 2'b00 
	Parameter start bound to: 2'b01 
	Parameter data bound to: 2'b10 
	Parameter stop bound to: 2'b11 
INFO: [Synth 8-256] done synthesizing module 'uart_rx' (20#1) [D:/proyecto_integrador/rtl_projects/test_uart/uart.srcs/sources_1/new/uart_rx.v:3]
INFO: [Synth 8-638] synthesizing module 'uart_tx' [D:/proyecto_integrador/rtl_projects/test_uart/uart.srcs/sources_1/new/uart_tx.v:3]
	Parameter DBIT bound to: 8 - type: integer 
	Parameter SB_TICK bound to: 16 - type: integer 
	Parameter idle bound to: 2'b00 
	Parameter start bound to: 2'b01 
	Parameter data bound to: 2'b10 
	Parameter stop bound to: 2'b11 
INFO: [Synth 8-256] done synthesizing module 'uart_tx' (21#1) [D:/proyecto_integrador/rtl_projects/test_uart/uart.srcs/sources_1/new/uart_tx.v:3]
INFO: [Synth 8-638] synthesizing module 'fifo' [D:/proyecto_integrador/rtl_projects/test_uart/uart.srcs/sources_1/new/fifo.v:3]
	Parameter B bound to: 8 - type: integer 
	Parameter W bound to: 2 - type: integer 
INFO: [Synth 8-155] case statement is not full and has no default [D:/proyecto_integrador/rtl_projects/test_uart/uart.srcs/sources_1/new/fifo.v:74]
INFO: [Synth 8-256] done synthesizing module 'fifo' (22#1) [D:/proyecto_integrador/rtl_projects/test_uart/uart.srcs/sources_1/new/fifo.v:3]
INFO: [Synth 8-638] synthesizing module 'mod_m_counter' [D:/proyecto_integrador/rtl_projects/test_uart/uart.srcs/sources_1/new/mod_m_counter.v:3]
	Parameter N bound to: 10 - type: integer 
	Parameter M bound to: 651 - type: integer 
INFO: [Synth 8-256] done synthesizing module 'mod_m_counter' (23#1) [D:/proyecto_integrador/rtl_projects/test_uart/uart.srcs/sources_1/new/mod_m_counter.v:3]
INFO: [Synth 8-256] done synthesizing module 'uart_top' (24#1) [D:/proyecto_integrador/rtl_projects/test_uart/uart.srcs/sources_1/new/uart_top.v:3]
INFO: [Synth 8-638] synthesizing module 'read_unit' [D:/proyecto_integrador/rtl_projects/test_uart/uart.srcs/sources_1/new/read_unit.v:3]
INFO: [Synth 8-256] done synthesizing module 'read_unit' (25#1) [D:/proyecto_integrador/rtl_projects/test_uart/uart.srcs/sources_1/new/read_unit.v:3]
INFO: [Synth 8-638] synthesizing module 'write_unit' [D:/proyecto_integrador/rtl_projects/test_uart/uart.srcs/sources_1/new/write_unit.v:3]
INFO: [Synth 8-256] done synthesizing module 'write_unit' (26#1) [D:/proyecto_integrador/rtl_projects/test_uart/uart.srcs/sources_1/new/write_unit.v:3]
INFO: [Synth 8-256] done synthesizing module 'top' (27#1) [D:/proyecto_integrador/rtl_projects/top/top.srcs/sources_1/new/top.v:28]
---------------------------------------------------------------------------------
Finished RTL Elaboration : Time (s): cpu = 00:00:10 ; elapsed = 00:00:12 . Memory (MB): peak = 381.090 ; gain = 173.883
---------------------------------------------------------------------------------

Report Check Netlist: 
+------+------------------+-------+---------+-------+------------------+
|      |Item              |Errors |Warnings |Status |Description       |
+------+------------------+-------+---------+-------+------------------+
|1     |multi_driven_nets |      0|        0|Passed |Multi driven nets |
+------+------------------+-------+---------+-------+------------------+
---------------------------------------------------------------------------------
Finished RTL Optimization Phase 1 : Time (s): cpu = 00:00:11 ; elapsed = 00:00:12 . Memory (MB): peak = 381.090 ; gain = 173.883
---------------------------------------------------------------------------------
INFO: [Netlist 29-17] Analyzing 2 Unisim elements for replacement
INFO: [Netlist 29-28] Unisim Transformation completed in 0 CPU seconds
INFO: [Device 21-403] Loading part xc7a100tcsg324-1
INFO: [Project 1-570] Preparing netlist for logic optimization

Processing XDC Constraints
Initializing timing engine
Parsing XDC File [D:/proyecto_integrador/rtl_projects/digilent-xdc-master/Nexys-4-DDR-Master.xdc]
Finished Parsing XDC File [D:/proyecto_integrador/rtl_projects/digilent-xdc-master/Nexys-4-DDR-Master.xdc]
INFO: [Project 1-236] Implementation specific constraints were found while reading constraint file [D:/proyecto_integrador/rtl_projects/digilent-xdc-master/Nexys-4-DDR-Master.xdc]. These constraints will be ignored for synthesis but will be used in implementation. Impacted constraints are listed in the file [.Xil/top_propImpl.xdc].
Resolution: To avoid this warning, move constraints listed in [.Xil/top_propImpl.xdc] to another XDC file and exclude this new file from synthesis with the used_in_synthesis property (File Properties dialog in GUI) and re-run elaboration/synthesis.
INFO: [Timing 38-2] Deriving generated clocks
Completed Processing XDC Constraints

INFO: [Project 1-111] Unisim Transformation Summary:
No Unisim elements were transformed.

Constraint Validation Runtime : Time (s): cpu = 00:00:00 ; elapsed = 00:00:00.010 . Memory (MB): peak = 650.227 ; gain = 0.000
---------------------------------------------------------------------------------
Finished Constraint Validation : Time (s): cpu = 00:00:20 ; elapsed = 00:00:23 . Memory (MB): peak = 650.227 ; gain = 443.020
---------------------------------------------------------------------------------
---------------------------------------------------------------------------------
Start Loading Part and Timing Information
---------------------------------------------------------------------------------
Loading part: xc7a100tcsg324-1
---------------------------------------------------------------------------------
Finished Loading Part and Timing Information : Time (s): cpu = 00:00:20 ; elapsed = 00:00:23 . Memory (MB): peak = 650.227 ; gain = 443.020
---------------------------------------------------------------------------------
---------------------------------------------------------------------------------
Start Applying 'set_property' XDC Constraints
---------------------------------------------------------------------------------
---------------------------------------------------------------------------------
Finished applying 'set_property' XDC Constraints : Time (s): cpu = 00:00:20 ; elapsed = 00:00:23 . Memory (MB): peak = 650.227 ; gain = 443.020
---------------------------------------------------------------------------------
INFO: [Synth 8-5546] ROM "ram_addr_w" won't be mapped to RAM because it is too sparse
INFO: [Synth 8-5546] ROM "ram_addr_r" won't be mapped to RAM because it is too sparse
INFO: [Synth 8-5546] ROM "ram_data" won't be mapped to RAM because it is too sparse
INFO: [Synth 8-5546] ROM "ram_read_enb" won't be mapped to RAM because it is too sparse
INFO: [Synth 8-5546] ROM "ram_out_rst" won't be mapped to RAM because it is too sparse
INFO: [Synth 8-5546] ROM "ram_out_enb" won't be mapped to RAM because it is too sparse
INFO: [Synth 8-5546] ROM "info_ram_addr_reg" won't be mapped to RAM because it is too sparse
INFO: [Synth 8-5546] ROM "info_ram_enb_w_reg" won't be mapped to RAM because it is too sparse
INFO: [Synth 8-5546] ROM "msg_long" won't be mapped to RAM because it is too sparse
INFO: [Synth 8-5546] ROM "request_write_reg" won't be mapped to RAM because it is too sparse
INFO: [Synth 8-5546] ROM "filter_type_reg" won't be mapped to RAM because it is too sparse
INFO: [Synth 8-5544] ROM "o_valid" won't be mapped to Block RAM because address size (4) smaller than threshold (5)
INFO: [Synth 8-5544] ROM "fetch_reg" won't be mapped to Block RAM because address size (2) smaller than threshold (5)
INFO: [Synth 8-5544] ROM "rx_done_tick" won't be mapped to Block RAM because address size (4) smaller than threshold (5)
INFO: [Synth 8-5544] ROM "state_next" won't be mapped to Block RAM because address size (3) smaller than threshold (5)
INFO: [Synth 8-5544] ROM "state_next" won't be mapped to Block RAM because address size (4) smaller than threshold (5)
INFO: [Synth 8-5544] ROM "s_next" won't be mapped to Block RAM because address size (4) smaller than threshold (5)
INFO: [Synth 8-5544] ROM "n_next" won't be mapped to Block RAM because address size (3) smaller than threshold (5)
INFO: [Synth 8-5544] ROM "tx_done_tick" won't be mapped to Block RAM because address size (4) smaller than threshold (5)
INFO: [Synth 8-5544] ROM "state_next" won't be mapped to Block RAM because address size (3) smaller than threshold (5)
INFO: [Synth 8-5544] ROM "s_next" won't be mapped to Block RAM because address size (4) smaller than threshold (5)
INFO: [Synth 8-5544] ROM "n_next" won't be mapped to Block RAM because address size (3) smaller than threshold (5)
INFO: [Synth 8-5546] ROM "max_tick" won't be mapped to RAM because it is too sparse
INFO: [Synth 8-5544] ROM "dout" won't be mapped to Block RAM because address size (2) smaller than threshold (5)
---------------------------------------------------------------------------------
Finished RTL Optimization Phase 2 : Time (s): cpu = 00:00:22 ; elapsed = 00:00:25 . Memory (MB): peak = 650.227 ; gain = 443.020
---------------------------------------------------------------------------------

Report RTL Partitions: 
+-+--------------+------------+----------+
| |RTL Partition |Replication |Instances |
+-+--------------+------------+----------+
+-+--------------+------------+----------+
---------------------------------------------------------------------------------
Start RTL Component Statistics 
---------------------------------------------------------------------------------
Detailed RTL Component Info : 
+---Adders : 
	  16 Input     12 Bit       Adders := 2     
	   2 Input     10 Bit       Adders := 1     
	   2 Input      9 Bit       Adders := 1     
	   2 Input      8 Bit       Adders := 33    
	   2 Input      5 Bit       Adders := 2     
	   2 Input      4 Bit       Adders := 5     
	   2 Input      3 Bit       Adders := 2     
	   2 Input      2 Bit       Adders := 7     
+---Registers : 
	               32 Bit    Registers := 5     
	               16 Bit    Registers := 3     
	               15 Bit    Registers := 5     
	               10 Bit    Registers := 1     
	                8 Bit    Registers := 12    
	                6 Bit    Registers := 4     
	                5 Bit    Registers := 2     
	                4 Bit    Registers := 5     
	                3 Bit    Registers := 2     
	                2 Bit    Registers := 6     
	                1 Bit    Registers := 22    
+---RAMs : 
	            1024K Bit         RAMs := 1     
	             256K Bit         RAMs := 1     
	              192 Bit         RAMs := 2     
	               32 Bit         RAMs := 2     
+---Muxes : 
	   2 Input     16 Bit        Muxes := 36    
	   2 Input      8 Bit        Muxes := 80    
	   5 Input      8 Bit        Muxes := 2     
	   4 Input      8 Bit        Muxes := 4     
	   4 Input      5 Bit        Muxes := 2     
	   2 Input      5 Bit        Muxes := 4     
	   5 Input      4 Bit        Muxes := 1     
	   2 Input      4 Bit        Muxes := 3     
	   4 Input      4 Bit        Muxes := 1     
	   4 Input      3 Bit        Muxes := 2     
	  25 Input      2 Bit        Muxes := 5     
	   2 Input      2 Bit        Muxes := 1     
	   5 Input      2 Bit        Muxes := 2     
	   3 Input      1 Bit        Muxes := 7     
	   2 Input      1 Bit        Muxes := 34    
	  25 Input      1 Bit        Muxes := 16    
	   4 Input      1 Bit        Muxes := 25    
---------------------------------------------------------------------------------
Finished RTL Component Statistics 
---------------------------------------------------------------------------------
---------------------------------------------------------------------------------
Start RTL Hierarchical Component Statistics 
---------------------------------------------------------------------------------
Hierarchical RTL Component report 
Module addr_counter 
Detailed RTL Component Info : 
+---Registers : 
	                1 Bit    Registers := 2     
Module block_ram 
Detailed RTL Component Info : 
+---Registers : 
	               32 Bit    Registers := 2     
+---RAMs : 
	            1024K Bit         RAMs := 1     
Module register_file 
Detailed RTL Component Info : 
+---Adders : 
	   2 Input      8 Bit       Adders := 1     
+---Registers : 
	               32 Bit    Registers := 1     
	               15 Bit    Registers := 4     
	                8 Bit    Registers := 2     
	                2 Bit    Registers := 1     
	                1 Bit    Registers := 8     
+---Muxes : 
	  25 Input      2 Bit        Muxes := 5     
	   2 Input      2 Bit        Muxes := 1     
	   3 Input      1 Bit        Muxes := 3     
	   2 Input      1 Bit        Muxes := 20    
	  25 Input      1 Bit        Muxes := 16    
	   4 Input      1 Bit        Muxes := 2     
Module info_block_ram 
Detailed RTL Component Info : 
+---Registers : 
	                8 Bit    Registers := 2     
+---RAMs : 
	             256K Bit         RAMs := 1     
Module fcsg 
Detailed RTL Component Info : 
+---Adders : 
	   2 Input      4 Bit       Adders := 1     
+---Registers : 
	                4 Bit    Registers := 1     
	                1 Bit    Registers := 2     
+---Muxes : 
	   2 Input      1 Bit        Muxes := 2     
Module splitter 
Detailed RTL Component Info : 
+---Adders : 
	   2 Input      2 Bit       Adders := 1     
+---Registers : 
	               16 Bit    Registers := 1     
	                2 Bit    Registers := 1     
	                1 Bit    Registers := 3     
+---Muxes : 
	   2 Input     16 Bit        Muxes := 2     
	   2 Input      1 Bit        Muxes := 2     
Module info_ram_addr_counter 
Detailed RTL Component Info : 
+---Registers : 
	               15 Bit    Registers := 1     
+---Muxes : 
	   2 Input      1 Bit        Muxes := 3     
Module tx_filter 
Detailed RTL Component Info : 
+---Adders : 
	  16 Input     12 Bit       Adders := 1     
	   2 Input      8 Bit       Adders := 16    
	   2 Input      4 Bit       Adders := 1     
+---Registers : 
	               16 Bit    Registers := 1     
	                8 Bit    Registers := 1     
	                4 Bit    Registers := 1     
+---Muxes : 
	   2 Input     16 Bit        Muxes := 17    
	   2 Input      8 Bit        Muxes := 37    
	   5 Input      8 Bit        Muxes := 1     
Module mixer 
Detailed RTL Component Info : 
+---Adders : 
	   2 Input      5 Bit       Adders := 1     
+---Registers : 
	                8 Bit    Registers := 1     
	                5 Bit    Registers := 1     
+---Muxes : 
	   4 Input      8 Bit        Muxes := 1     
	   2 Input      8 Bit        Muxes := 3     
	   4 Input      5 Bit        Muxes := 1     
	   2 Input      5 Bit        Muxes := 2     
Module sin_ram 
Detailed RTL Component Info : 
+---Registers : 
	                6 Bit    Registers := 2     
+---RAMs : 
	              192 Bit         RAMs := 1     
Module sin_ram__parameterized0 
Detailed RTL Component Info : 
+---Registers : 
	                6 Bit    Registers := 2     
+---RAMs : 
	              192 Bit         RAMs := 1     
Module simple_adder 
Detailed RTL Component Info : 
+---Adders : 
	   2 Input      9 Bit       Adders := 1     
+---Registers : 
	                8 Bit    Registers := 1     
Module uart_rx 
Detailed RTL Component Info : 
+---Adders : 
	   2 Input      4 Bit       Adders := 1     
	   2 Input      3 Bit       Adders := 1     
+---Registers : 
	                8 Bit    Registers := 1     
	                4 Bit    Registers := 1     
	                3 Bit    Registers := 1     
	                2 Bit    Registers := 1     
+---Muxes : 
	   5 Input      4 Bit        Muxes := 1     
	   2 Input      4 Bit        Muxes := 2     
	   4 Input      3 Bit        Muxes := 1     
	   5 Input      2 Bit        Muxes := 1     
	   2 Input      1 Bit        Muxes := 3     
	   4 Input      1 Bit        Muxes := 5     
	   3 Input      1 Bit        Muxes := 2     
Module uart_tx 
Detailed RTL Component Info : 
+---Adders : 
	   2 Input      4 Bit       Adders := 1     
	   2 Input      3 Bit       Adders := 1     
+---Registers : 
	                8 Bit    Registers := 1     
	                4 Bit    Registers := 1     
	                3 Bit    Registers := 1     
	                2 Bit    Registers := 1     
	                1 Bit    Registers := 1     
+---Muxes : 
	   4 Input      8 Bit        Muxes := 1     
	   4 Input      4 Bit        Muxes := 1     
	   2 Input      4 Bit        Muxes := 1     
	   4 Input      3 Bit        Muxes := 1     
	   5 Input      2 Bit        Muxes := 1     
	   2 Input      1 Bit        Muxes := 2     
	   4 Input      1 Bit        Muxes := 6     
	   3 Input      1 Bit        Muxes := 2     
Module fifo 
Detailed RTL Component Info : 
+---Adders : 
	   2 Input      2 Bit       Adders := 2     
+---Registers : 
	                1 Bit    Registers := 2     
+---RAMs : 
	               32 Bit         RAMs := 1     
+---Muxes : 
	   4 Input      1 Bit        Muxes := 6     
Module mod_m_counter 
Detailed RTL Component Info : 
+---Adders : 
	   2 Input     10 Bit       Adders := 1     
+---Registers : 
	               10 Bit    Registers := 1     
+---Muxes : 
	   2 Input      1 Bit        Muxes := 1     
Module read_unit 
Detailed RTL Component Info : 
+---Adders : 
	   2 Input      2 Bit       Adders := 1     
+---Registers : 
	               32 Bit    Registers := 2     
	                2 Bit    Registers := 1     
+---Muxes : 
	   2 Input      1 Bit        Muxes := 1     
Module write_unit 
Detailed RTL Component Info : 
+---Adders : 
	   2 Input      2 Bit       Adders := 1     
+---Registers : 
	                8 Bit    Registers := 1     
	                2 Bit    Registers := 1     
	                1 Bit    Registers := 2     
+---Muxes : 
	   4 Input      8 Bit        Muxes := 1     
---------------------------------------------------------------------------------
Finished RTL Hierarchical Component Statistics
---------------------------------------------------------------------------------
---------------------------------------------------------------------------------
Start Part Resource Summary
---------------------------------------------------------------------------------
Part Resources:
DSPs: 240 (col length:80)
BRAMs: 270 (col length: RAMB18 80 RAMB36 40)
---------------------------------------------------------------------------------
Finished Part Resource Summary
---------------------------------------------------------------------------------
Start Parallel Synthesis Optimization  : Time (s): cpu = 00:00:22 ; elapsed = 00:00:25 . Memory (MB): peak = 650.227 ; gain = 443.020
---------------------------------------------------------------------------------
Start Cross Boundary Optimization
---------------------------------------------------------------------------------
INFO: [Synth 8-5546] ROM "u_register_file/control_signals_reg" won't be mapped to RAM because it is too sparse
INFO: [Synth 8-5546] ROM "u_uart_top/u_mod_m_counter/max_tick" won't be mapped to RAM because it is too sparse
---------------------------------------------------------------------------------
Finished Cross Boundary Optimization : Time (s): cpu = 00:00:23 ; elapsed = 00:00:26 . Memory (MB): peak = 650.227 ; gain = 443.020
---------------------------------------------------------------------------------
Finished Parallel Reinference  : Time (s): cpu = 00:00:23 ; elapsed = 00:00:26 . Memory (MB): peak = 650.227 ; gain = 443.020

Report RTL Partitions: 
+-+--------------+------------+----------+
| |RTL Partition |Replication |Instances |
+-+--------------+------------+----------+
+-+--------------+------------+----------+
INFO: [Synth 8-4652] Swapped enable and write-enable on 32 RAM instances of RAM u_register_file/u_block_ram/ram_0_reg to conserve power
INFO: [Synth 8-4652] Swapped enable and write-enable on 8 RAM instances of RAM u_tx_top/u_info_block_ram/ram_0_reg to conserve power
---------------------------------------------------------------------------------
Start ROM, RAM, DSP and Shift Register Reporting
---------------------------------------------------------------------------------

Block RAM: Preliminary Mapping  Report (see note below)
+---------------+------------+------------------------+---+---+------------------------+---+---+------------------+--------+--------+
|Module Name    | RTL Object | PORT A (Depth x Width) | W | R | PORT B (Depth x Width) | W | R | Ports driving FF | RAMB18 | RAMB36 | 
+---------------+------------+------------------------+---+---+------------------------+---+---+------------------+--------+--------+
|block_ram      | ram_0_reg  | 32 K x 32(READ_FIRST)  | W |   | 32 K x 32(WRITE_FIRST) |   | R | Port A and B     | 0      | 32     | 
|info_block_ram | ram_0_reg  | 32 K x 8(READ_FIRST)   | W |   | 32 K x 8(WRITE_FIRST)  |   | R | Port A and B     | 0      | 8      | 
+---------------+------------+------------------------+---+---+------------------------+---+---+------------------+--------+--------+

Note: The table above is a preliminary report that shows the Block RAMs at the current stage of the synthesis flow. Some Block RAMs may be reimplemented as non Block RAM primitives later in the synthesis flow. Multiple instantiated Block RAMs are reported only once. 

Distributed RAM: Preliminary Mapping  Report (see note below)
+------------+------------------------------------+-----------+----------------------+--------------+
|Module Name | RTL Object                         | Inference | Size (Depth x Width) | Primitives   | 
+------------+------------------------------------+-----------+----------------------+--------------+
|top         | u_top_mixer/u_cos_ram/ram_0_reg    | Implied   | 32 x 5               | RAM32M x 1   | 
|top         | u_top_mixer/u_sin_ram/ram_0_reg    | Implied   | 32 x 5               | RAM32M x 1   | 
|top         | u_uart_top/u_fifo_rx/array_reg_reg | Implied   | 4 x 8                | RAM32M x 2   | 
|top         | u_uart_top/u_fifo_tx/array_reg_reg | Implied   | 4 x 8                | RAM32M x 2   | 
+------------+------------------------------------+-----------+----------------------+--------------+

Note: The table above is a preliminary report that shows the Distributed RAMs at the current stage of the synthesis flow. Some Distributed RAMs may be reimplemented as non Distributed RAM primitives later in the synthesis flow. Multiple instantiated RAMs are reported only once.
---------------------------------------------------------------------------------
Finished ROM, RAM, DSP and Shift Register Reporting
---------------------------------------------------------------------------------
---------------------------------------------------------------------------------
Start Area Optimization
---------------------------------------------------------------------------------
---------------------------------------------------------------------------------
Finished Area Optimization : Time (s): cpu = 00:00:36 ; elapsed = 00:00:40 . Memory (MB): peak = 705.262 ; gain = 498.055
---------------------------------------------------------------------------------
Finished Parallel Area Optimization  : Time (s): cpu = 00:00:36 ; elapsed = 00:00:40 . Memory (MB): peak = 705.262 ; gain = 498.055

Report RTL Partitions: 
+-+--------------+------------+----------+
| |RTL Partition |Replication |Instances |
+-+--------------+------------+----------+
+-+--------------+------------+----------+
---------------------------------------------------------------------------------
Start Timing Optimization
---------------------------------------------------------------------------------
---------------------------------------------------------------------------------
Start Applying XDC Timing Constraints
---------------------------------------------------------------------------------
---------------------------------------------------------------------------------
Finished Applying XDC Timing Constraints : Time (s): cpu = 00:00:46 ; elapsed = 00:00:50 . Memory (MB): peak = 759.512 ; gain = 552.305
---------------------------------------------------------------------------------
---------------------------------------------------------------------------------
Finished Timing Optimization : Time (s): cpu = 00:00:48 ; elapsed = 00:00:51 . Memory (MB): peak = 785.051 ; gain = 577.844
---------------------------------------------------------------------------------

Report RTL Partitions: 
+-+--------------+------------+----------+
| |RTL Partition |Replication |Instances |
+-+--------------+------------+----------+
+-+--------------+------------+----------+
---------------------------------------------------------------------------------
Start Technology Mapping
---------------------------------------------------------------------------------
---------------------------------------------------------------------------------
Finished Technology Mapping : Time (s): cpu = 00:00:51 ; elapsed = 00:00:55 . Memory (MB): peak = 861.559 ; gain = 654.352
---------------------------------------------------------------------------------
Finished Parallel Technology Mapping Optimization  : Time (s): cpu = 00:00:51 ; elapsed = 00:00:55 . Memory (MB): peak = 861.559 ; gain = 654.352

Report RTL Partitions: 
+-+--------------+------------+----------+
| |RTL Partition |Replication |Instances |
+-+--------------+------------+----------+
+-+--------------+------------+----------+
Finished Parallel Synthesis Optimization  : Time (s): cpu = 00:00:51 ; elapsed = 00:00:55 . Memory (MB): peak = 861.559 ; gain = 654.352
---------------------------------------------------------------------------------
Start IO Insertion
---------------------------------------------------------------------------------
---------------------------------------------------------------------------------
Start Flattening Before IO Insertion
---------------------------------------------------------------------------------
---------------------------------------------------------------------------------
Finished Flattening Before IO Insertion
---------------------------------------------------------------------------------
---------------------------------------------------------------------------------
Start Final Netlist Cleanup
---------------------------------------------------------------------------------
---------------------------------------------------------------------------------
Finished Final Netlist Cleanup
---------------------------------------------------------------------------------
---------------------------------------------------------------------------------
Finished IO Insertion : Time (s): cpu = 00:00:52 ; elapsed = 00:00:56 . Memory (MB): peak = 861.559 ; gain = 654.352
---------------------------------------------------------------------------------

Report Check Netlist: 
+------+------------------+-------+---------+-------+------------------+
|      |Item              |Errors |Warnings |Status |Description       |
+------+------------------+-------+---------+-------+------------------+
|1     |multi_driven_nets |      0|        0|Passed |Multi driven nets |
+------+------------------+-------+---------+-------+------------------+
---------------------------------------------------------------------------------
Start Renaming Generated Instances
---------------------------------------------------------------------------------
---------------------------------------------------------------------------------
Finished Renaming Generated Instances : Time (s): cpu = 00:00:52 ; elapsed = 00:00:56 . Memory (MB): peak = 861.559 ; gain = 654.352
---------------------------------------------------------------------------------

Report RTL Partitions: 
+-+--------------+------------+----------+
| |RTL Partition |Replication |Instances |
+-+--------------+------------+----------+
+-+--------------+------------+----------+
---------------------------------------------------------------------------------
Start Rebuilding User Hierarchy
---------------------------------------------------------------------------------
---------------------------------------------------------------------------------
Finished Rebuilding User Hierarchy : Time (s): cpu = 00:00:53 ; elapsed = 00:00:57 . Memory (MB): peak = 861.559 ; gain = 654.352
---------------------------------------------------------------------------------
---------------------------------------------------------------------------------
Start Renaming Generated Ports
---------------------------------------------------------------------------------
---------------------------------------------------------------------------------
Finished Renaming Generated Ports : Time (s): cpu = 00:00:53 ; elapsed = 00:00:57 . Memory (MB): peak = 861.559 ; gain = 654.352
---------------------------------------------------------------------------------
---------------------------------------------------------------------------------
Start Handling Custom Attributes
---------------------------------------------------------------------------------
---------------------------------------------------------------------------------
Finished Handling Custom Attributes : Time (s): cpu = 00:00:53 ; elapsed = 00:00:57 . Memory (MB): peak = 861.559 ; gain = 654.352
---------------------------------------------------------------------------------
---------------------------------------------------------------------------------
Start Renaming Generated Nets
---------------------------------------------------------------------------------
---------------------------------------------------------------------------------
Finished Renaming Generated Nets : Time (s): cpu = 00:00:53 ; elapsed = 00:00:57 . Memory (MB): peak = 861.559 ; gain = 654.352
---------------------------------------------------------------------------------
---------------------------------------------------------------------------------
Start ROM, RAM, DSP and Shift Register Reporting
---------------------------------------------------------------------------------

Static Shift Register Report:
+------------+---------------------------------------------------+--------+-------+--------------+--------------------+-------------------+--------+---------+
|Module Name | RTL Name                                          | Length | Width | Reset Signal | Pull out first Reg | Pull out last Reg | SRL16E | SRLC32E | 
+------------+---------------------------------------------------+--------+-------+--------------+--------------------+-------------------+--------+---------+
|top         | u_tx_top/u_splitter_top/u_splitter/buffer_reg[15] | 4      | 2     | YES          | NO                 | YES               | 2      | 0       | 
+------------+---------------------------------------------------+--------+-------+--------------+--------------------+-------------------+--------+---------+

---------------------------------------------------------------------------------
Finished ROM, RAM, DSP and Shift Register Reporting
---------------------------------------------------------------------------------
---------------------------------------------------------------------------------
Start Writing Synthesis Report
---------------------------------------------------------------------------------

Report BlackBoxes: 
+-+--------------+----------+
| |BlackBox name |Instances |
+-+--------------+----------+
+-+--------------+----------+

Report Cell Usage: 
+------+-----------+------+
|      |Cell       |Count |
+------+-----------+------+
|1     |BUFG       |     3|
|2     |CARRY4     |    73|
|3     |LUT1       |    51|
|4     |LUT2       |   253|
|5     |LUT3       |   172|
|6     |LUT4       |   321|
|7     |LUT5       |   110|
|8     |LUT6       |  1567|
|9     |MMCME2_ADV |     1|
|10    |MUXF7      |   512|
|11    |MUXF8      |   256|
|12    |RAM32M     |     6|
|13    |RAMB36E1   |    32|
|14    |RAMB36E1_1 |     1|
|15    |RAMB36E1_2 |     1|
|16    |RAMB36E1_3 |     1|
|17    |RAMB36E1_4 |     1|
|18    |RAMB36E1_5 |     1|
|19    |RAMB36E1_6 |     1|
|20    |RAMB36E1_7 |     1|
|21    |RAMB36E1_8 |     1|
|22    |SRL16E     |     2|
|23    |FDCE       |    54|
|24    |FDPE       |     3|
|25    |FDRE       |  4512|
|26    |FDSE       |    22|
|27    |IBUF       |     3|
|28    |OBUF       |    15|
+------+-----------+------+

Report Instance Areas: 
+------+------------------------------+------------------------+------+
|      |Instance                      |Module                  |Cells |
+------+------------------------------+------------------------+------+
|1     |top                           |                        |  7976|
|2     |  clk_wiz_0                   |clk_wiz_0               |     5|
|3     |    inst                      |clk_wiz_0_clk_wiz       |     5|
|4     |  u_read_unit                 |read_unit               |   207|
|5     |  u_register_file             |register_file           |   265|
|6     |    addr_counter              |addr_counter            |    44|
|7     |    u_block_ram               |block_ram               |    32|
|8     |  u_simple_adder              |simple_adder            |    19|
|9     |  u_top_mixer                 |top_mixer               |   187|
|10    |    u_cos_ram                 |sin_ram                 |    49|
|11    |    u_mixer_infase            |mixer                   |    61|
|12    |    u_mixer_quadrature        |mixer_2                 |    51|
|13    |    u_sin_ram                 |sin_ram__parameterized0 |    26|
|14    |  u_tx_top                    |tx_top                  |  7028|
|15    |    u_fcsg                    |fcsg                    |    46|
|16    |    u_info_block_ram          |info_block_ram          |     8|
|17    |    u_splitter_top            |splitter_top            |   105|
|18    |      u_info_ram_addr_counter |info_ram_addr_counter   |    68|
|19    |      u_splitter              |splitter                |    37|
|20    |    u_tx_filter_infase        |tx_filter               |  3423|
|21    |    u_tx_filter_quadrature    |tx_filter_1             |  3446|
|22    |  u_uart_top                  |uart_top                |   140|
|23    |    u_fifo_rx                 |fifo                    |    17|
|24    |    u_fifo_tx                 |fifo_0                  |    17|
|25    |    u_mod_m_counter           |mod_m_counter           |    29|
|26    |    u_uart_rx                 |uart_rx                 |    36|
|27    |    u_uart_tx                 |uart_tx                 |    41|
|28    |  u_write_unit                |write_unit              |    23|
+------+------------------------------+------------------------+------+
---------------------------------------------------------------------------------
Finished Writing Synthesis Report : Time (s): cpu = 00:00:53 ; elapsed = 00:00:57 . Memory (MB): peak = 861.559 ; gain = 654.352
---------------------------------------------------------------------------------
Synthesis finished with 0 errors, 0 critical warnings and 0 warnings.
Synthesis Optimization Runtime : Time (s): cpu = 00:00:36 ; elapsed = 00:00:47 . Memory (MB): peak = 861.559 ; gain = 385.215
Synthesis Optimization Complete : Time (s): cpu = 00:00:53 ; elapsed = 00:00:57 . Memory (MB): peak = 861.559 ; gain = 654.352
INFO: [Project 1-571] Translating synthesized netlist
INFO: [Netlist 29-17] Analyzing 123 Unisim elements for replacement
INFO: [Netlist 29-28] Unisim Transformation completed in 0 CPU seconds
INFO: [Project 1-570] Preparing netlist for logic optimization
INFO: [Opt 31-138] Pushed 0 inverter(s) to 0 load pin(s).
INFO: [Project 1-111] Unisim Transformation Summary:
  A total of 6 instances were transformed.
  RAM32M => RAM32M (RAMD32, RAMD32, RAMD32, RAMD32, RAMD32, RAMD32, RAMS32, RAMS32): 6 instances

INFO: [Common 17-83] Releasing license: Synthesis
104 Infos, 0 Warnings, 0 Critical Warnings and 0 Errors encountered.
synth_design completed successfully
synth_design: Time (s): cpu = 00:00:55 ; elapsed = 00:00:58 . Memory (MB): peak = 861.559 ; gain = 654.352
report_utilization: Time (s): cpu = 00:00:00 ; elapsed = 00:00:00.050 . Memory (MB): peak = 861.559 ; gain = 0.000
INFO: [Common 17-206] Exiting Vivado at Thu Sep 13 02:17:46 2018...
